Determining if the pthread_create exist failed with the following output:
Change Dir: /home/nicolas/rendu/cpp_indie_studio/CMakeFiles/CMakeTmp

Run Build Command:"/usr/bin/make" "cmTC_0dfcf/fast"
/usr/bin/make -f CMakeFiles/cmTC_0dfcf.dir/build.make CMakeFiles/cmTC_0dfcf.dir/build
make[1] : on entre dans le répertoire « /home/nicolas/rendu/cpp_indie_studio/CMakeFiles/CMakeTmp »
Building C object CMakeFiles/cmTC_0dfcf.dir/CheckSymbolExists.c.o
/usr/bin/cc     -o CMakeFiles/cmTC_0dfcf.dir/CheckSymbolExists.c.o   -c /home/nicolas/rendu/cpp_indie_studio/CMakeFiles/CMakeTmp/CheckSymbolExists.c
Linking C executable cmTC_0dfcf
/home/nicolas/Applications/clion-2017.1.1/bin/cmake/bin/cmake -E cmake_link_script CMakeFiles/cmTC_0dfcf.dir/link.txt --verbose=1
/usr/bin/cc       CMakeFiles/cmTC_0dfcf.dir/CheckSymbolExists.c.o  -o cmTC_0dfcf -rdynamic 
CMakeFiles/cmTC_0dfcf.dir/CheckSymbolExists.c.o : Dans la fonction « main » :
CheckSymbolExists.c:(.text+0x16) : référence indéfinie vers « pthread_create »
collect2: erreur : ld a retourné 1 code d'état d'exécution
make[1]: *** [CMakeFiles/cmTC_0dfcf.dir/build.make:98: cmTC_0dfcf] Error 1
make[1] : on quitte le répertoire « /home/nicolas/rendu/cpp_indie_studio/CMakeFiles/CMakeTmp »
make: *** [Makefile:126: cmTC_0dfcf/fast] Error 2

File /home/nicolas/rendu/cpp_indie_studio/CMakeFiles/CMakeTmp/CheckSymbolExists.c:
/* */
#include <pthread.h>

int main(int argc, char** argv)
{
  (void)argv;
#ifndef pthread_create
  return ((int*)(&pthread_create))[argc];
#else
  (void)argc;
  return 0;
#endif
}

Determining if the function pthread_create exists in the pthreads failed with the following output:
Change Dir: /home/nicolas/rendu/cpp_indie_studio/CMakeFiles/CMakeTmp

Run Build Command:"/usr/bin/make" "cmTC_804fd/fast"
/usr/bin/make -f CMakeFiles/cmTC_804fd.dir/build.make CMakeFiles/cmTC_804fd.dir/build
make[1] : on entre dans le répertoire « /home/nicolas/rendu/cpp_indie_studio/CMakeFiles/CMakeTmp »
Building C object CMakeFiles/cmTC_804fd.dir/CheckFunctionExists.c.o
/usr/bin/cc    -DCHECK_FUNCTION_EXISTS=pthread_create   -o CMakeFiles/cmTC_804fd.dir/CheckFunctionExists.c.o   -c /home/nicolas/Applications/clion-2017.1.1/bin/cmake/share/cmake-3.7/Modules/CheckFunctionExists.c
Linking C executable cmTC_804fd
/home/nicolas/Applications/clion-2017.1.1/bin/cmake/bin/cmake -E cmake_link_script CMakeFiles/cmTC_804fd.dir/link.txt --verbose=1
/usr/bin/cc   -DCHECK_FUNCTION_EXISTS=pthread_create    CMakeFiles/cmTC_804fd.dir/CheckFunctionExists.c.o  -o cmTC_804fd -rdynamic -lpthreads 
/usr/bin/ld : ne peut trouver -lpthreads
collect2: erreur : ld a retourné 1 code d'état d'exécution
make[1]: *** [CMakeFiles/cmTC_804fd.dir/build.make:98: cmTC_804fd] Error 1
make[1] : on quitte le répertoire « /home/nicolas/rendu/cpp_indie_studio/CMakeFiles/CMakeTmp »
make: *** [Makefile:126: cmTC_804fd/fast] Error 2


Determining if the pthread_create exist failed with the following output:
Change Dir: /home/nicolas/rendu/cpp_indie_studio/CMakeFiles/CMakeTmp

Run Build Command:"/usr/bin/make" "cmTC_35e4d/fast"
make[1] : on entre dans le répertoire « /home/nicolas/rendu/cpp_indie_studio/CMakeFiles/CMakeTmp »
/usr/bin/make -f CMakeFiles/cmTC_35e4d.dir/build.make CMakeFiles/cmTC_35e4d.dir/build
make[2] : on entre dans le répertoire « /home/nicolas/rendu/cpp_indie_studio/CMakeFiles/CMakeTmp »
Building C object CMakeFiles/cmTC_35e4d.dir/CheckSymbolExists.c.o
/usr/bin/cc    -o CMakeFiles/cmTC_35e4d.dir/CheckSymbolExists.c.o   -c /home/nicolas/rendu/cpp_indie_studio/CMakeFiles/CMakeTmp/CheckSymbolExists.c
Linking C executable cmTC_35e4d
/usr/bin/cmake -E cmake_link_script CMakeFiles/cmTC_35e4d.dir/link.txt --verbose=1
/usr/bin/cc      -rdynamic CMakeFiles/cmTC_35e4d.dir/CheckSymbolExists.c.o  -o cmTC_35e4d 
CMakeFiles/cmTC_35e4d.dir/CheckSymbolExists.c.o : Dans la fonction « main » :
CheckSymbolExists.c:(.text+0x16) : référence indéfinie vers « pthread_create »
collect2: erreur : ld a retourné 1 code d'état d'exécution
make[2]: *** [CMakeFiles/cmTC_35e4d.dir/build.make:98: cmTC_35e4d] Error 1
make[2] : on quitte le répertoire « /home/nicolas/rendu/cpp_indie_studio/CMakeFiles/CMakeTmp »
make[1]: *** [Makefile:126: cmTC_35e4d/fast] Error 2
make[1] : on quitte le répertoire « /home/nicolas/rendu/cpp_indie_studio/CMakeFiles/CMakeTmp »

File /home/nicolas/rendu/cpp_indie_studio/CMakeFiles/CMakeTmp/CheckSymbolExists.c:
/* */
#include <pthread.h>

int main(int argc, char** argv)
{
  (void)argv;
#ifndef pthread_create
  return ((int*)(&pthread_create))[argc];
#else
  (void)argc;
  return 0;
#endif
}

Determining if the function pthread_create exists in the pthreads failed with the following output:
Change Dir: /home/nicolas/rendu/cpp_indie_studio/CMakeFiles/CMakeTmp

Run Build Command:"/usr/bin/make" "cmTC_e357c/fast"
make[1] : on entre dans le répertoire « /home/nicolas/rendu/cpp_indie_studio/CMakeFiles/CMakeTmp »
/usr/bin/make -f CMakeFiles/cmTC_e357c.dir/build.make CMakeFiles/cmTC_e357c.dir/build
make[2] : on entre dans le répertoire « /home/nicolas/rendu/cpp_indie_studio/CMakeFiles/CMakeTmp »
Building C object CMakeFiles/cmTC_e357c.dir/CheckFunctionExists.c.o
/usr/bin/cc   -DCHECK_FUNCTION_EXISTS=pthread_create   -o CMakeFiles/cmTC_e357c.dir/CheckFunctionExists.c.o   -c /usr/share/cmake-3.8/Modules/CheckFunctionExists.c
Linking C executable cmTC_e357c
/usr/bin/cmake -E cmake_link_script CMakeFiles/cmTC_e357c.dir/link.txt --verbose=1
/usr/bin/cc  -DCHECK_FUNCTION_EXISTS=pthread_create    -rdynamic CMakeFiles/cmTC_e357c.dir/CheckFunctionExists.c.o  -o cmTC_e357c -lpthreads 
/usr/bin/ld : ne peut trouver -lpthreads
collect2: erreur : ld a retourné 1 code d'état d'exécution
make[2]: *** [CMakeFiles/cmTC_e357c.dir/build.make:98: cmTC_e357c] Error 1
make[2] : on quitte le répertoire « /home/nicolas/rendu/cpp_indie_studio/CMakeFiles/CMakeTmp »
make[1]: *** [Makefile:126: cmTC_e357c/fast] Error 2
make[1] : on quitte le répertoire « /home/nicolas/rendu/cpp_indie_studio/CMakeFiles/CMakeTmp »


Determining if the pthread_create exist failed with the following output:
Change Dir: /home/nicolas/rendu/cpp_indie_studio/CMakeFiles/CMakeTmp

Run Build Command:"/usr/bin/make" "cmTC_3458a/fast"
make[1] : on entre dans le répertoire « /home/nicolas/rendu/cpp_indie_studio/CMakeFiles/CMakeTmp »
/usr/bin/make -f CMakeFiles/cmTC_3458a.dir/build.make CMakeFiles/cmTC_3458a.dir/build
make[2] : on entre dans le répertoire « /home/nicolas/rendu/cpp_indie_studio/CMakeFiles/CMakeTmp »
Building C object CMakeFiles/cmTC_3458a.dir/CheckSymbolExists.c.o
/usr/bin/cc    -o CMakeFiles/cmTC_3458a.dir/CheckSymbolExists.c.o   -c /home/nicolas/rendu/cpp_indie_studio/CMakeFiles/CMakeTmp/CheckSymbolExists.c
Linking C executable cmTC_3458a
/usr/bin/cmake -E cmake_link_script CMakeFiles/cmTC_3458a.dir/link.txt --verbose=1
/usr/bin/cc      -rdynamic CMakeFiles/cmTC_3458a.dir/CheckSymbolExists.c.o  -o cmTC_3458a 
CMakeFiles/cmTC_3458a.dir/CheckSymbolExists.c.o : Dans la fonction « main » :
CheckSymbolExists.c:(.text+0x16) : référence indéfinie vers « pthread_create »
collect2: erreur : ld a retourné 1 code d'état d'exécution
make[2]: *** [CMakeFiles/cmTC_3458a.dir/build.make:98: cmTC_3458a] Error 1
make[2] : on quitte le répertoire « /home/nicolas/rendu/cpp_indie_studio/CMakeFiles/CMakeTmp »
make[1]: *** [Makefile:126: cmTC_3458a/fast] Error 2
make[1] : on quitte le répertoire « /home/nicolas/rendu/cpp_indie_studio/CMakeFiles/CMakeTmp »

File /home/nicolas/rendu/cpp_indie_studio/CMakeFiles/CMakeTmp/CheckSymbolExists.c:
/* */
#include <pthread.h>

int main(int argc, char** argv)
{
  (void)argv;
#ifndef pthread_create
  return ((int*)(&pthread_create))[argc];
#else
  (void)argc;
  return 0;
#endif
}

Determining if the function pthread_create exists in the pthreads failed with the following output:
Change Dir: /home/nicolas/rendu/cpp_indie_studio/CMakeFiles/CMakeTmp

Run Build Command:"/usr/bin/make" "cmTC_1f36e/fast"
make[1] : on entre dans le répertoire « /home/nicolas/rendu/cpp_indie_studio/CMakeFiles/CMakeTmp »
/usr/bin/make -f CMakeFiles/cmTC_1f36e.dir/build.make CMakeFiles/cmTC_1f36e.dir/build
make[2] : on entre dans le répertoire « /home/nicolas/rendu/cpp_indie_studio/CMakeFiles/CMakeTmp »
Building C object CMakeFiles/cmTC_1f36e.dir/CheckFunctionExists.c.o
/usr/bin/cc   -DCHECK_FUNCTION_EXISTS=pthread_create   -o CMakeFiles/cmTC_1f36e.dir/CheckFunctionExists.c.o   -c /usr/share/cmake-3.8/Modules/CheckFunctionExists.c
Linking C executable cmTC_1f36e
/usr/bin/cmake -E cmake_link_script CMakeFiles/cmTC_1f36e.dir/link.txt --verbose=1
/usr/bin/cc  -DCHECK_FUNCTION_EXISTS=pthread_create    -rdynamic CMakeFiles/cmTC_1f36e.dir/CheckFunctionExists.c.o  -o cmTC_1f36e -lpthreads 
/usr/bin/ld : ne peut trouver -lpthreads
collect2: erreur : ld a retourné 1 code d'état d'exécution
make[2]: *** [CMakeFiles/cmTC_1f36e.dir/build.make:98: cmTC_1f36e] Error 1
make[2] : on quitte le répertoire « /home/nicolas/rendu/cpp_indie_studio/CMakeFiles/CMakeTmp »
make[1]: *** [Makefile:126: cmTC_1f36e/fast] Error 2
make[1] : on quitte le répertoire « /home/nicolas/rendu/cpp_indie_studio/CMakeFiles/CMakeTmp »


Determining if the pthread_create exist failed with the following output:
Change Dir: /home/nicolas/rendu/cpp_indie_studio/CMakeFiles/CMakeTmp

Run Build Command:"/usr/bin/make" "cmTC_eb541/fast"
/usr/bin/make -f CMakeFiles/cmTC_eb541.dir/build.make CMakeFiles/cmTC_eb541.dir/build
make[1] : on entre dans le répertoire « /home/nicolas/rendu/cpp_indie_studio/CMakeFiles/CMakeTmp »
Building C object CMakeFiles/cmTC_eb541.dir/CheckSymbolExists.c.o
/usr/bin/cc    -o CMakeFiles/cmTC_eb541.dir/CheckSymbolExists.c.o   -c /home/nicolas/rendu/cpp_indie_studio/CMakeFiles/CMakeTmp/CheckSymbolExists.c
Linking C executable cmTC_eb541
/usr/bin/cmake -E cmake_link_script CMakeFiles/cmTC_eb541.dir/link.txt --verbose=1
/usr/bin/cc      -rdynamic CMakeFiles/cmTC_eb541.dir/CheckSymbolExists.c.o  -o cmTC_eb541 
CMakeFiles/cmTC_eb541.dir/CheckSymbolExists.c.o : Dans la fonction « main » :
CheckSymbolExists.c:(.text+0x16) : référence indéfinie vers « pthread_create »
collect2: erreur : ld a retourné 1 code d'état d'exécution
make[1]: *** [CMakeFiles/cmTC_eb541.dir/build.make:98: cmTC_eb541] Error 1
make[1] : on quitte le répertoire « /home/nicolas/rendu/cpp_indie_studio/CMakeFiles/CMakeTmp »
make: *** [Makefile:126: cmTC_eb541/fast] Error 2

File /home/nicolas/rendu/cpp_indie_studio/CMakeFiles/CMakeTmp/CheckSymbolExists.c:
/* */
#include <pthread.h>

int main(int argc, char** argv)
{
  (void)argv;
#ifndef pthread_create
  return ((int*)(&pthread_create))[argc];
#else
  (void)argc;
  return 0;
#endif
}

Determining if the function pthread_create exists in the pthreads failed with the following output:
Change Dir: /home/nicolas/rendu/cpp_indie_studio/CMakeFiles/CMakeTmp

Run Build Command:"/usr/bin/make" "cmTC_9fc93/fast"
/usr/bin/make -f CMakeFiles/cmTC_9fc93.dir/build.make CMakeFiles/cmTC_9fc93.dir/build
make[1] : on entre dans le répertoire « /home/nicolas/rendu/cpp_indie_studio/CMakeFiles/CMakeTmp »
Building C object CMakeFiles/cmTC_9fc93.dir/CheckFunctionExists.c.o
/usr/bin/cc   -DCHECK_FUNCTION_EXISTS=pthread_create   -o CMakeFiles/cmTC_9fc93.dir/CheckFunctionExists.c.o   -c /usr/share/cmake-3.8/Modules/CheckFunctionExists.c
Linking C executable cmTC_9fc93
/usr/bin/cmake -E cmake_link_script CMakeFiles/cmTC_9fc93.dir/link.txt --verbose=1
/usr/bin/cc  -DCHECK_FUNCTION_EXISTS=pthread_create    -rdynamic CMakeFiles/cmTC_9fc93.dir/CheckFunctionExists.c.o  -o cmTC_9fc93 -lpthreads 
/usr/bin/ld : ne peut trouver -lpthreads
collect2: erreur : ld a retourné 1 code d'état d'exécution
make[1]: *** [CMakeFiles/cmTC_9fc93.dir/build.make:98: cmTC_9fc93] Error 1
make[1] : on quitte le répertoire « /home/nicolas/rendu/cpp_indie_studio/CMakeFiles/CMakeTmp »
make: *** [Makefile:126: cmTC_9fc93/fast] Error 2


